        -:    0:Source:s21_matrix_func/s21_remove_matrix.c
        -:    1:#include "../s21_matrix.h"
        -:    2:
        4:    3:void s21_remove_matrix(matrix_t *A) {
        4:    4:  if ((s21_matrix_ptr_is_null(A) == 0) && (A->rows > 0)) {
      137:    5:    for (int i = 0; i < A->rows; i++) {
      134:    6:      if (A->matrix[i] != NULL) {
      134:    7:        free(A->matrix[i]);
      134:    8:        A->matrix[i] = NULL;
        -:    9:      }
        -:   10:    }
        3:   11:    free(A->matrix);
        3:   12:    A->matrix = NULL;
        3:   13:    A->rows = 0;
        3:   14:    A->columns = 0;
        -:   15:  }
        -:   16:
        4:   17:  return;
        -:   18:}
