        -:    0:Source:s21_matrix_func/s21_mult_number.c
        -:    1:#include "../s21_matrix.h"
        -:    2:
       11:    3:int s21_mult_number(matrix_t *A, double number, matrix_t *result) {
       11:    4:  int return_value = -1;
        -:    5:
       20:    6:  if ((s21_matrix_ptr_is_null(A) == 1) ||
       17:    7:      (s21_matrix_ptr_is_null(result) == 1) ||
        8:    8:      (s21_matrix_sizes_le_zero(A) == 1)) {
        4:    9:    return_value = RETURN_ERROR_INCORRECT_MARIX_1;
       11:   10:  } else if ((s21_matrix_element_is_nan_inf(A) == 1) ||
        4:   11:             s21_double_is_nan_inf(number) == 1) {
        6:   12:    return_value = RETURN_CALCULATION_ERROR_2;
        -:   13:  } else {
        1:   14:    return_value = s21_create_matrix(A->rows, A->columns, result);
        1:   15:    if (return_value == RETURN_OK_0) {
        3:   16:      for (int i = 0; i < A->rows; i++) {
        8:   17:        for (int j = 0; j < A->columns; j++) {
        6:   18:          result->matrix[i][j] = A->matrix[i][j] * number;
        -:   19:        }
        -:   20:      }
        -:   21:    }
        -:   22:  }
       11:   23:  return return_value;
        -:   24:}
